#
# There is insufficient memory for the Java Runtime Environment to continue.
# Native memory allocation (malloc) failed to allocate 1261296 bytes for Chunk::new
# Possible reasons:
#   The system is out of physical RAM or swap space
#   In 32 bit mode, the process size limit was hit
# Possible solutions:
#   Reduce memory load on the system
#   Increase physical memory or swap space
#   Check if swap backing store is full
#   Use 64 bit Java on a 64 bit OS
#   Decrease Java heap size (-Xmx/-Xms)
#   Decrease number of Java threads
#   Decrease Java thread stack sizes (-Xss)
#   Set larger code cache with -XX:ReservedCodeCacheSize=
# This output file may be truncated or incomplete.
#
#  Out of Memory Error (allocation.cpp:390), pid=6132, tid=0x000000000000075c
#
# JRE version: OpenJDK Runtime Environment (8.0_76-b03) (build 1.8.0_76-release-b03)
# Java VM: OpenJDK 64-Bit Server VM (25.76-b03 mixed mode windows-amd64 compressed oops)
# Failed to write core dump. Minidumps are not enabled by default on client versions of Windows
#

---------------  T H R E A D  ---------------

Current thread (0x0000000016920800):  JavaThread "C2 CompilerThread1" daemon [_thread_in_native, id=1884, stack(0x0000000018070000,0x0000000018170000)]

Stack: [0x0000000018070000,0x0000000018170000]
[error occurred during error reporting (printing stack bounds), id 0xc0000005]

Native frames: (J=compiled Java code, j=interpreted, Vv=VM code, C=native code)


Current CompileTask:
C2:3072951 23578 %     4       com.android.ide.common.res2.ResourceMerger::buildCache @ 66 (421 bytes)


---------------  P R O C E S S  ---------------

Java Threads: ( => current thread )
  0x000000001c976800 JavaThread "pool-192-thread-1" [_thread_blocked, id=10012, stack(0x000000004d470000,0x000000004d570000)]
  0x000000001c971800 JavaThread "Stdin handler" [_thread_blocked, id=8840, stack(0x000000004d370000,0x000000004d470000)]
  0x000000001c976000 JavaThread "Asynchronous log dispatcher for org.gradle.launcher.daemon.server.DefaultDaemonConnection@5ce15448" [_thread_blocked, id=3476, stack(0x000000004d270000,0x000000004d370000)]
  0x000000001c973800 JavaThread "Daemon worker Thread 12" [_thread_in_Java, id=8784, stack(0x000000004d170000,0x000000004d270000)]
  0x000000001c969000 JavaThread "Cancel handler" [_thread_blocked, id=5056, stack(0x000000004d070000,0x000000004d170000)]
  0x000000001c96f000 JavaThread "Handler for socket connection from /127.0.0.1:64336 to /127.0.0.1:51294" [_thread_in_native, id=912, stack(0x000000004cf70000,0x000000004d070000)]
  0x000000001c96d800 JavaThread "Daemon Thread 12" [_thread_blocked, id=9340, stack(0x000000004ce70000,0x000000004cf70000)]
  0x000000001cfea000 JavaThread "pool-20-thread-1" [_thread_blocked, id=9480, stack(0x0000000030470000,0x0000000030570000)]
  0x000000001cfec000 JavaThread "pool-20-thread-3" [_thread_blocked, id=8836, stack(0x0000000030370000,0x0000000030470000)]
  0x000000001cfe9000 JavaThread "pool-20-thread-4" [_thread_blocked, id=6484, stack(0x0000000030270000,0x0000000030370000)]
  0x000000001cfeb800 JavaThread "pool-20-thread-2" [_thread_blocked, id=5592, stack(0x0000000030170000,0x0000000030270000)]
  0x000000001c0f9000 JavaThread "File lock request listener" [_thread_in_native, id=3052, stack(0x000000001e860000,0x000000001e960000)]
  0x000000001947a000 JavaThread "pool-1-thread-1" [_thread_blocked, id=10192, stack(0x000000001a7f0000,0x000000001a8f0000)]
  0x0000000019580000 JavaThread "Incoming local TCP Connector on port 64336" [_thread_in_native, id=6072, stack(0x0000000019070000,0x0000000019170000)]
  0x000000001697e000 JavaThread "Service Thread" daemon [_thread_blocked, id=1560, stack(0x0000000018670000,0x0000000018770000)]
  0x0000000016925800 JavaThread "C1 CompilerThread2" daemon [_thread_blocked, id=10464, stack(0x0000000018170000,0x0000000018270000)]
=>0x0000000016920800 JavaThread "C2 CompilerThread1" daemon [_thread_in_native, id=1884, stack(0x0000000018070000,0x0000000018170000)]
  0x000000001691e800 JavaThread "C2 CompilerThread0" daemon [_thread_in_native, id=9388, stack(0x0000000017f70000,0x0000000018070000)]
  0x000000001691d000 JavaThread "Attach Listener" daemon [_thread_blocked, id=9336, stack(0x0000000017e70000,0x0000000017f70000)]
  0x000000001691c000 JavaThread "Signal Dispatcher" daemon [_thread_blocked, id=9752, stack(0x0000000017d70000,0x0000000017e70000)]
  0x0000000002fab000 JavaThread "Finalizer" daemon [_thread_blocked, id=5812, stack(0x0000000017b90000,0x0000000017c90000)]
  0x0000000002fa0000 JavaThread "Reference Handler" daemon [_thread_blocked, id=3316, stack(0x0000000017a90000,0x0000000017b90000)]
  0x0000000002eb0800 JavaThread "main" [_thread_blocked, id=9200, stack(0x0000000002ce0000,0x0000000002de0000)]

Other Threads:
  0x00000000168e5000 VMThread [stack: 0x0000000017990000,0x0000000017a90000] [id=2016]
  0x000000001828e000 WatcherThread [stack: 0x0000000018770000,0x0000000018870000] [id=2412]

VM state:not at safepoint (normal execution)

VM Mutex/Monitor currently owned by a thread: None

Heap:
 PSYoungGen      total 421888K, used 34867K [0x00000000e0000000, 0x00000000fe580000, 0x0000000100000000)
  eden space 353792K, 7% used [0x00000000e0000000,0x00000000e18b0c10,0x00000000f5980000)
  from space 68096K, 14% used [0x00000000fa300000,0x00000000fac5c010,0x00000000fe580000)
  to   space 71680K, 0% used [0x00000000f5980000,0x00000000f5980000,0x00000000f9f80000)
 ParOldGen       total 221696K, used 36773K [0x00000000a0000000, 0x00000000ad880000, 0x00000000e0000000)
  object space 221696K, 16% used [0x00000000a0000000,0x00000000a23e9438,0x00000000ad880000)
 Metaspace       used 72680K, capacity 77424K, committed 78336K, reserved 1118208K
  class space    used 8969K, capacity 9628K, committed 9984K, reserved 1048576K

Card table byte_map: [0x0000000012370000,0x0000000012680000] byte_map_base: 0x0000000011e70000

Marking Bits: (ParMarkBitMap*) 0x0000000059029d00
 Begin Bits: [0x0000000012c80000, 0x0000000014480000)
 End Bits:   [0x0000000014480000, 0x0000000015c80000)

Polling page: 0x0000000002de0000

CodeCache: size=245760Kb used=65386Kb max_used=66002Kb free=180373Kb
 bounds [0x0000000002fb0000, 0x00000000070a0000, 0x0000000011fb0000]
 total_blobs=17757 nmethods=17005 adapters=663
 compilation: enabled

Compilation events (10 events):
Event: 3072.007 Thread 0x000000001691e800 23576   !   4       com.android.ide.common.res2.ResourceSet::createFileAndItemsFromXml (466 bytes)
Event: 3072.011 Thread 0x0000000016925800 23577 %     3       com.android.ide.common.res2.DataMerger::setPostBlobLoadStateToWritten @ 122 (177 bytes)
Event: 3072.013 Thread 0x0000000016925800 nmethod 23577% 0x0000000004f22ad0 code [0x0000000004f22e60, 0x0000000004f24cf8]
Event: 3072.022 Thread 0x0000000016920800 23578 %     4       com.android.ide.common.res2.ResourceMerger::buildCache @ 66 (421 bytes)
Event: 3072.034 Thread 0x0000000016925800 23579       3       java.security.AccessControlContext::calculateFields (89 bytes)
Event: 3072.034 Thread 0x0000000016925800 nmethod 23579 0x0000000003338150 code [0x00000000033382e0, 0x0000000003338698]
Event: 3072.187 Thread 0x0000000016925800 23582       3       com.android.build.gradle.tasks.ProcessAndroidResources_Decorated::getAaptOptions (25 bytes)
Event: 3072.188 Thread 0x0000000016925800 nmethod 23582 0x000000000643e050 code [0x000000000643e220, 0x000000000643ea78]
Event: 3072.192 Thread 0x0000000016925800 23583       3       com.android.build.gradle.internal.dsl.AaptOptions_Decorated::getConventionMapping (30 bytes)
Event: 3072.193 Thread 0x0000000016925800 nmethod 23583 0x000000000522ddd0 code [0x000000000522df80, 0x000000000522e668]

GC Heap History (10 events):
Event: 2343.540 GC heap before
{Heap before GC invocations=60 (full 11):
 PSYoungGen      total 331776K, used 2128K [0x00000000e0000000, 0x00000000fe780000, 0x0000000100000000)
  eden space 329216K, 0% used [0x00000000e0000000,0x00000000e0000000,0x00000000f4180000)
  from space 2560K, 83% used [0x00000000f4180000,0x00000000f4394010,0x00000000f4400000)
  to   space 84992K, 0% used [0x00000000f9480000,0x00000000f9480000,0x00000000fe780000)
 ParOldGen       total 221696K, used 36640K [0x00000000a0000000, 0x00000000ad880000, 0x00000000e0000000)
  object space 221696K, 16% used [0x00000000a0000000,0x00000000a23c8288,0x00000000ad880000)
 Metaspace       used 72069K, capacity 75566K, committed 76288K, reserved 1116160K
  class space    used 8903K, capacity 9417K, committed 9728K, reserved 1048576K
Event: 2343.824 GC heap after
Heap after GC invocations=60 (full 11):
 PSYoungGen      total 331776K, used 0K [0x00000000e0000000, 0x00000000fe780000, 0x0000000100000000)
  eden space 329216K, 0% used [0x00000000e0000000,0x00000000e0000000,0x00000000f4180000)
  from space 2560K, 0% used [0x00000000f4180000,0x00000000f4180000,0x00000000f4400000)
  to   space 84992K, 0% used [0x00000000f9480000,0x00000000f9480000,0x00000000fe780000)
 ParOldGen       total 221696K, used 37097K [0x00000000a0000000, 0x00000000ad880000, 0x00000000e0000000)
  object space 221696K, 16% used [0x00000000a0000000,0x00000000a243a6a8,0x00000000ad880000)
 Metaspace       used 72069K, capacity 75566K, committed 76288K, reserved 1116160K
  class space    used 8903K, capacity 9417K, committed 9728K, reserved 1048576K
}
Event: 2684.226 GC heap before
{Heap before GC invocations=61 (full 11):
 PSYoungGen      total 331776K, used 329216K [0x00000000e0000000, 0x00000000fe780000, 0x0000000100000000)
  eden space 329216K, 100% used [0x00000000e0000000,0x00000000f4180000,0x00000000f4180000)
  from space 2560K, 0% used [0x00000000f4180000,0x00000000f4180000,0x00000000f4400000)
  to   space 84992K, 0% used [0x00000000f9480000,0x00000000f9480000,0x00000000fe780000)
 ParOldGen       total 221696K, used 37097K [0x00000000a0000000, 0x00000000ad880000, 0x00000000e0000000)
  object space 221696K, 16% used [0x00000000a0000000,0x00000000a243a6a8,0x00000000ad880000)
 Metaspace       used 72489K, capacity 76092K, committed 76544K, reserved 1116160K
  class space    used 8960K, capacity 9486K, committed 9728K, reserved 1048576K
Event: 2684.242 GC heap after
Heap after GC invocations=61 (full 11):
 PSYoungGen      total 419328K, used 11854K [0x00000000e0000000, 0x00000000ff480000, 0x0000000100000000)
  eden space 334336K, 0% used [0x00000000e0000000,0x00000000e0000000,0x00000000f4680000)
  from space 84992K, 13% used [0x00000000f9480000,0x00000000fa013808,0x00000000fe780000)
  to   space 79872K, 0% used [0x00000000f4680000,0x00000000f4680000,0x00000000f9480000)
 ParOldGen       total 221696K, used 37105K [0x00000000a0000000, 0x00000000ad880000, 0x00000000e0000000)
  object space 221696K, 16% used [0x00000000a0000000,0x00000000a243c6a8,0x00000000ad880000)
 Metaspace       used 72489K, capacity 76092K, committed 76544K, reserved 1116160K
  class space    used 8960K, capacity 9486K, committed 9728K, reserved 1048576K
}
Event: 2684.515 GC heap before
{Heap before GC invocations=62 (full 11):
 PSYoungGen      total 419328K, used 125842K [0x00000000e0000000, 0x00000000ff480000, 0x0000000100000000)
  eden space 334336K, 34% used [0x00000000e0000000,0x00000000e6f510e0,0x00000000f4680000)
  from space 84992K, 13% used [0x00000000f9480000,0x00000000fa013808,0x00000000fe780000)
  to   space 79872K, 0% used [0x00000000f4680000,0x00000000f4680000,0x00000000f9480000)
 ParOldGen       total 221696K, used 37105K [0x00000000a0000000, 0x00000000ad880000, 0x00000000e0000000)
  object space 221696K, 16% used [0x00000000a0000000,0x00000000a243c6a8,0x00000000ad880000)
 Metaspace       used 72489K, capacity 76092K, committed 76544K, reserved 1116160K
  class space    used 8960K, capacity 9486K, committed 9728K, reserved 1048576K
Event: 2684.519 GC heap after
Heap after GC invocations=62 (full 11):
 PSYoungGen      total 414208K, used 1130K [0x00000000e0000000, 0x00000000fed80000, 0x0000000100000000)
  eden space 334336K, 0% used [0x00000000e0000000,0x00000000e0000000,0x00000000f4680000)
  from space 79872K, 1% used [0x00000000f4680000,0x00000000f479aa18,0x00000000f9480000)
  to   space 76288K, 0% used [0x00000000fa300000,0x00000000fa300000,0x00000000fed80000)
 ParOldGen       total 221696K, used 37105K [0x00000000a0000000, 0x00000000ad880000, 0x00000000e0000000)
  object space 221696K, 16% used [0x00000000a0000000,0x00000000a243c6a8,0x00000000ad880000)
 Metaspace       used 72489K, capacity 76092K, committed 76544K, reserved 1116160K
  class space    used 8960K, capacity 9486K, committed 9728K, reserved 1048576K
}
Event: 2684.519 GC heap before
{Heap before GC invocations=63 (full 12):
 PSYoungGen      total 414208K, used 1130K [0x00000000e0000000, 0x00000000fed80000, 0x0000000100000000)
  eden space 334336K, 0% used [0x00000000e0000000,0x00000000e0000000,0x00000000f4680000)
  from space 79872K, 1% used [0x00000000f4680000,0x00000000f479aa18,0x00000000f9480000)
  to   space 76288K, 0% used [0x00000000fa300000,0x00000000fa300000,0x00000000fed80000)
 ParOldGen       total 221696K, used 37105K [0x00000000a0000000, 0x00000000ad880000, 0x00000000e0000000)
  object space 221696K, 16% used [0x00000000a0000000,0x00000000a243c6a8,0x00000000ad880000)
 Metaspace       used 72489K, capacity 76092K, committed 76544K, reserved 1116160K
  class space    used 8960K, capacity 9486K, committed 9728K, reserved 1048576K
Event: 2684.843 GC heap after
Heap after GC invocations=63 (full 12):
 PSYoungGen      total 414208K, used 0K [0x00000000e0000000, 0x00000000fed80000, 0x0000000100000000)
  eden space 334336K, 0% used [0x00000000e0000000,0x00000000e0000000,0x00000000f4680000)
  from space 79872K, 0% used [0x00000000f4680000,0x00000000f4680000,0x00000000f9480000)
  to   space 76288K, 0% used [0x00000000fa300000,0x00000000fa300000,0x00000000fed80000)
 ParOldGen       total 221696K, used 36765K [0x00000000a0000000, 0x00000000ad880000, 0x00000000e0000000)
  object space 221696K, 16% used [0x00000000a0000000,0x00000000a23e7438,0x00000000ad880000)
 Metaspace       used 71791K, capacity 75308K, committed 76544K, reserved 1116160K
  class space    used 8790K, capacity 9310K, committed 9728K, reserved 1048576K
}
Event: 3071.990 GC heap before
{Heap before GC invocations=64 (full 12):
 PSYoungGen      total 414208K, used 334336K [0x00000000e0000000, 0x00000000fed80000, 0x0000000100000000)
  eden space 334336K, 100% used [0x00000000e0000000,0x00000000f4680000,0x00000000f4680000)
  from space 79872K, 0% used [0x00000000f4680000,0x00000000f4680000,0x00000000f9480000)
  to   space 76288K, 0% used [0x00000000fa300000,0x00000000fa300000,0x00000000fed80000)
 ParOldGen       total 221696K, used 36765K [0x00000000a0000000, 0x00000000ad880000, 0x00000000e0000000)
  object space 221696K, 16% used [0x00000000a0000000,0x00000000a23e7438,0x00000000ad880000)
 Metaspace       used 72675K, capacity 77360K, committed 78336K, reserved 1118208K
  class space    used 8969K, capacity 9628K, committed 9984K, reserved 1048576K
Event: 3072.002 GC heap after
Heap after GC invocations=64 (full 12):
 PSYoungGen      total 421888K, used 9584K [0x00000000e0000000, 0x00000000fe580000, 0x0000000100000000)
  eden space 353792K, 0% used [0x00000000e0000000,0x00000000e0000000,0x00000000f5980000)
  from space 68096K, 14% used [0x00000000fa300000,0x00000000fac5c010,0x00000000fe580000)
  to   space 71680K, 0% used [0x00000000f5980000,0x00000000f5980000,0x00000000f9f80000)
 ParOldGen       total 221696K, used 36773K [0x00000000a0000000, 0x00000000ad880000, 0x00000000e0000000)
  object space 221696K, 16% used [0x00000000a0000000,0x00000000a23e9438,0x00000000ad880000)
 Metaspace       used 72675K, capacity 77360K, committed 78336K, reserved 1118208K
  class space    used 8969K, capacity 9628K, committed 9984K, reserved 1048576K
}

Deoptimization events (10 events):
Event: 2680.807 Thread 0x000000001cfe7000 Uncommon trap: reason=array_check action=maybe_recompile pc=0x0000000006dc9410 method=com.google.common.collect.SingletonImmutableList.copyIntoArray([Ljava/lang/Object;I)I @ 6
Event: 2680.837 Thread 0x000000001cfe7000 Uncommon trap: reason=array_check action=maybe_recompile pc=0x0000000006dc9410 method=com.google.common.collect.SingletonImmutableList.copyIntoArray([Ljava/lang/Object;I)I @ 6
Event: 2681.640 Thread 0x000000001cfe7000 Uncommon trap: reason=class_check action=maybe_recompile pc=0x0000000006de2574 method=java.util.Arrays$ArrayList.<init>([Ljava/lang/Object;)V @ 9
Event: 2681.640 Thread 0x000000001cfe7000 Uncommon trap: reason=class_check action=maybe_recompile pc=0x0000000006de2574 method=java.util.Arrays$ArrayList.<init>([Ljava/lang/Object;)V @ 9
Event: 2681.645 Thread 0x000000001cfe7000 Uncommon trap: reason=class_check action=maybe_recompile pc=0x0000000006de2574 method=java.util.Arrays$ArrayList.<init>([Ljava/lang/Object;)V @ 9
Event: 2681.661 Thread 0x000000001cfe7000 Uncommon trap: reason=class_check action=maybe_recompile pc=0x0000000006de2574 method=java.util.Arrays$ArrayList.<init>([Ljava/lang/Object;)V @ 9
Event: 2682.004 Thread 0x000000001cfe7000 Uncommon trap: reason=speculate_class_check action=maybe_recompile pc=0x0000000005af8768 method=com.sun.tools.javac.code.Type.hasTag(Lcom/sun/tools/javac/code/TypeTag;)Z @ 2
Event: 2682.142 Thread 0x000000001cfe7000 Uncommon trap: reason=bimorphic action=maybe_recompile pc=0x0000000006a85548 method=com.sun.tools.javac.comp.Resolve$LookupFilter.accepts(Lcom/sun/tools/javac/code/Symbol;)Z @ 1
Event: 2682.491 Thread 0x000000001cfe7000 Uncommon trap: reason=predicate action=maybe_recompile pc=0x0000000003920f90 method=com.sun.tools.javac.code.Type.containsAny(Lcom/sun/tools/javac/util/List;)Z @ 14
Event: 2684.502 Thread 0x000000001cfe7000 Uncommon trap: reason=bimorphic action=maybe_recompile pc=0x0000000004bce32c method=java.util.HashMap.removeNode(ILjava/lang/Object;Ljava/lang/Object;ZZ)Ljava/util/HashMap$Node; @ 143

Internal exceptions (10 events):
Event: 2277.050 Thread 0x000000001cfe6000 Exception <a 'java/lang/NoSuchMethodError': <clinit>> (0x00000000e3725a90) thrown at [C:\src\android\AOSP-openjdk\external\jetbrains\jdk\hotspot\src\share\vm\prims\jni.cpp, line 1591]
Event: 2277.051 Thread 0x000000001cfe6000 Exception <a 'java/lang/NoSuchMethodError': <clinit>> (0x00000000e3754290) thrown at [C:\src\android\AOSP-openjdk\external\jetbrains\jdk\hotspot\src\share\vm\prims\jni.cpp, line 1591]
Event: 2337.527 Thread 0x000000001c96f000 Exception <a 'java/lang/ClassNotFoundException': asLocalRepo846_d218y2gt6l36xm2uedw9pmonvBeanInfo> (0x00000000e3ddb498) thrown at [C:\src\android\AOSP-openjdk\external\jetbrains\jdk\hotspot\src\share\vm\classfile\systemDictionary.cpp, line 210]
Event: 2337.527 Thread 0x000000001c96f000 Exception <a 'java/lang/ClassNotFoundException': asLocalRepo846_d218y2gt6l36xm2uedw9pmonvCustomizer> (0x00000000e3de4fe8) thrown at [C:\src\android\AOSP-openjdk\external\jetbrains\jdk\hotspot\src\share\vm\classfile\systemDictionary.cpp, line 210]
Event: 2679.647 Thread 0x000000001cfe7000 Exception <a 'java/lang/ClassNotFoundException': asLocalRepo210_7j3bl1gmpkak50voarpiearamBeanInfo> (0x00000000e04adfc0) thrown at [C:\src\android\AOSP-openjdk\external\jetbrains\jdk\hotspot\src\share\vm\classfile\systemDictionary.cpp, line 210]
Event: 2679.647 Thread 0x000000001cfe7000 Exception <a 'java/lang/ClassNotFoundException': asLocalRepo210_7j3bl1gmpkak50voarpiearamCustomizer> (0x00000000e04b7b10) thrown at [C:\src\android\AOSP-openjdk\external\jetbrains\jdk\hotspot\src\share\vm\classfile\systemDictionary.cpp, line 210]
Event: 2746.147 Thread 0x000000001b729000 Exception <a 'java/lang/ClassNotFoundException': asLocalRepo447_4abtl32da1edg4lkw5jb0i5giBeanInfo> (0x00000000e0596720) thrown at [C:\src\android\AOSP-openjdk\external\jetbrains\jdk\hotspot\src\share\vm\classfile\systemDictionary.cpp, line 210]
Event: 2746.147 Thread 0x000000001b729000 Exception <a 'java/lang/ClassNotFoundException': asLocalRepo447_4abtl32da1edg4lkw5jb0i5giCustomizer> (0x00000000e05a0270) thrown at [C:\src\android\AOSP-openjdk\external\jetbrains\jdk\hotspot\src\share\vm\classfile\systemDictionary.cpp, line 210]
Event: 3070.751 Thread 0x000000001c973800 Exception <a 'java/lang/ClassNotFoundException': asLocalRepo71_4we2jrky33btoox5zt0fyrkzdBeanInfo> (0x00000000ed2af0b8) thrown at [C:\src\android\AOSP-openjdk\external\jetbrains\jdk\hotspot\src\share\vm\classfile\systemDictionary.cpp, line 210]
Event: 3070.751 Thread 0x000000001c973800 Exception <a 'java/lang/ClassNotFoundException': asLocalRepo71_4we2jrky33btoox5zt0fyrkzdCustomizer> (0x00000000ed2b8bc8) thrown at [C:\src\android\AOSP-openjdk\external\jetbrains\jdk\hotspot\src\share\vm\classfile\systemDictionary.cpp, line 210]

Events (10 events):
Event: 3071.723 Thread 0x0000000016925800 flushing nmethod 0x0000000006dff890
Event: 3071.989 Executing VM operation: ParallelGCFailedAllocation
Event: 3072.002 Executing VM operation: ParallelGCFailedAllocation done
Event: 3072.003 Thread 0x000000001c973800 DEOPT PACKING pc=0x0000000003877000 sp=0x000000004d26c490
Event: 3072.003 Thread 0x000000001c973800 DEOPT UNPACKING pc=0x0000000002ff75bf sp=0x000000004d26c1d0 mode 0
Event: 3072.034 Thread 0x000000001c976800 Thread added: 0x000000001c976800
Event: 3072.040 Executing VM operation: RevokeBias
Event: 3072.040 Executing VM operation: RevokeBias done
Event: 3072.069 Thread 0x000000001c973800 DEOPT PACKING pc=0x00000000061525c3 sp=0x000000004d26c810
Event: 3072.069 Thread 0x000000001c973800 DEOPT UNPACKING pc=0x0000000002ff75bf sp=0x000000004d26c570 mode 0


Dynamic libraries:
0x00007ff6047e0000 - 0x00007ff604811000 	C:\Program Files\Android\Android Studio\jre\bin\java.exe
0x00007ffdacd20000 - 0x00007ffdacef1000 	C:\Windows\SYSTEM32\ntdll.dll
0x00007ffdac850000 - 0x00007ffdac8fb000 	C:\Windows\System32\KERNEL32.DLL
0x00007ffda94d0000 - 0x00007ffda96ed000 	C:\Windows\System32\KERNELBASE.dll
0x00007ffdacc70000 - 0x00007ffdacd12000 	C:\Windows\System32\ADVAPI32.dll
0x00007ffdac9d0000 - 0x00007ffdaca6e000 	C:\Windows\System32\msvcrt.dll
0x00007ffdacc10000 - 0x00007ffdacc69000 	C:\Windows\System32\sechost.dll
0x00007ffdabc70000 - 0x00007ffdabd91000 	C:\Windows\System32\RPCRT4.dll
0x00007ffdac270000 - 0x00007ffdac3d5000 	C:\Windows\System32\USER32.dll
0x00007ffda9210000 - 0x00007ffda922e000 	C:\Windows\System32\win32u.dll
0x00007ffdaa2d0000 - 0x00007ffdaa304000 	C:\Windows\System32\GDI32.dll
0x00007ffda9340000 - 0x00007ffda94c2000 	C:\Windows\System32\gdi32full.dll
0x00007ffd9ae20000 - 0x00007ffd9b099000 	C:\Windows\WinSxS\amd64_microsoft.windows.common-controls_6595b64144ccf1df_6.0.14393.447_none_42191651c6827bb3\COMCTL32.dll
0x00007ffdac3e0000 - 0x00007ffdac6a8000 	C:\Windows\System32\combase.dll
0x00007ffdaa160000 - 0x00007ffdaa255000 	C:\Windows\System32\ucrtbase.dll
0x00007ffdaa050000 - 0x00007ffdaa0ba000 	C:\Windows\System32\bcryptPrimitives.dll
0x00007ffdac1d0000 - 0x00007ffdac1fe000 	C:\Windows\System32\IMM32.DLL
0x00000000586b0000 - 0x0000000058782000 	C:\Program Files\Android\Android Studio\jre\jre\bin\msvcr100.dll
0x0000000058870000 - 0x00000000590a4000 	C:\Program Files\Android\Android Studio\jre\jre\bin\server\jvm.dll
0x00007ffdac900000 - 0x00007ffdac908000 	C:\Windows\System32\PSAPI.DLL
0x00007ffda0950000 - 0x00007ffda0959000 	C:\Windows\SYSTEM32\WSOCK32.dll
0x00007ffda6f80000 - 0x00007ffda6fa3000 	C:\Windows\SYSTEM32\WINMM.dll
0x00007ffda0c90000 - 0x00007ffda0c9a000 	C:\Windows\SYSTEM32\VERSION.dll
0x00007ffdabb60000 - 0x00007ffdabbca000 	C:\Windows\System32\WS2_32.dll
0x0000000002cb0000 - 0x0000000002cdb000 	C:\Windows\SYSTEM32\WINMMBASE.dll
0x00007ffdaa260000 - 0x00007ffdaa2a2000 	C:\Windows\System32\cfgmgr32.dll
0x00007ffd9efc0000 - 0x00007ffd9efcf000 	C:\Program Files\Android\Android Studio\jre\jre\bin\verify.dll
0x00007ffd99c90000 - 0x00007ffd99cb9000 	C:\Program Files\Android\Android Studio\jre\jre\bin\java.dll
0x00007ffd9ef70000 - 0x00007ffd9ef86000 	C:\Program Files\Android\Android Studio\jre\jre\bin\zip.dll
0x00007ffdaa480000 - 0x00007ffdab989000 	C:\Windows\System32\SHELL32.dll
0x00007ffda97a0000 - 0x00007ffda9e7a000 	C:\Windows\System32\windows.storage.dll
0x00007ffda91c0000 - 0x00007ffda920c000 	C:\Windows\System32\powrprof.dll
0x00007ffdac7f0000 - 0x00007ffdac842000 	C:\Windows\System32\shlwapi.dll
0x00007ffda91a0000 - 0x00007ffda91af000 	C:\Windows\System32\kernel.appcore.dll
0x00007ffda96f0000 - 0x00007ffda9799000 	C:\Windows\System32\shcore.dll
0x00007ffda9180000 - 0x00007ffda9194000 	C:\Windows\System32\profapi.dll
0x00007ffd98850000 - 0x00007ffd9886a000 	C:\Program Files\Android\Android Studio\jre\jre\bin\net.dll
0x00007ffda8ab0000 - 0x00007ffda8b0c000 	C:\Windows\system32\mswsock.dll
0x00007ffd985b0000 - 0x00007ffd985c1000 	C:\Program Files\Android\Android Studio\jre\jre\bin\nio.dll
0x00007ffd97160000 - 0x00007ffd97172000 	C:\Users\root\.gradle\native\19\windows-amd64\native-platform.dll
0x00007ffda8c50000 - 0x00007ffda8c67000 	C:\Windows\SYSTEM32\CRYPTSP.dll
0x00007ffda86c0000 - 0x00007ffda86f3000 	C:\Windows\system32\rsaenh.dll
0x00007ffda8d60000 - 0x00007ffda8d8b000 	C:\Windows\SYSTEM32\bcrypt.dll
0x00007ffda8930000 - 0x00007ffda894f000 	C:\Windows\SYSTEM32\USERENV.dll
0x00007ffda8c70000 - 0x00007ffda8c7b000 	C:\Windows\SYSTEM32\CRYPTBASE.dll
0x00007ffda8840000 - 0x00007ffda8878000 	C:\Windows\SYSTEM32\IPHLPAPI.DLL
0x00007ffdab9f0000 - 0x00007ffdab9f8000 	C:\Windows\System32\NSI.dll
0x00007ffda45b0000 - 0x00007ffda45c6000 	C:\Windows\SYSTEM32\dhcpcsvc6.DLL
0x00007ffda4a30000 - 0x00007ffda4a4a000 	C:\Windows\SYSTEM32\dhcpcsvc.DLL
0x00007ffd9efb0000 - 0x00007ffd9efbd000 	C:\Program Files\Android\Android Studio\jre\jre\bin\management.dll
0x00007ffda8590000 - 0x00007ffda85c2000 	C:\Windows\SYSTEM32\ntmarta.dll

VM Arguments:
jvm_args: -Xmx1536m -Dfile.encoding=windows-1254 -Duser.country=TR -Duser.language=tr -Duser.variant 
java_command: org.gradle.launcher.daemon.bootstrap.GradleDaemon 2.14.1
java_class_path (initial): C:\Program Files\Android\Android Studio\gradle\gradle-2.14.1\lib\gradle-launcher-2.14.1.jar
Launcher Type: SUN_STANDARD

Environment Variables:
PATH=C:\ProgramData\Oracle\Java\javapath;C:\Windows\system32;C:\Windows;C:\Windows\System32\Wbem;C:\Windows\System32\WindowsPowerShell\v1.0\;C:\ProgramData\chocolatey\bin;C:\Program Files (x86)\Windows Live\Shared;C:\Program Files (x86)\Brackets\command;C:\Users\root\AppData\Local\Microsoft\WindowsApps;
USERNAME=root
OS=Windows_NT
PROCESSOR_IDENTIFIER=Intel64 Family 6 Model 69 Stepping 1, GenuineIntel



---------------  S Y S T E M  ---------------

OS: Windows 10.0 , 64 bit Build 14393 (10.0.14393.0)

CPU:total 4 (2 cores per cpu, 2 threads per core) family 6 model 69 stepping 1, cmov, cx8, fxsr, mmx, sse, sse2, sse3, ssse3, sse4.1, sse4.2, popcnt, avx, avx2, aes, clmul, erms, lzcnt, ht, tsc, tscinvbit, bmi1, bmi2

Memory: 4k page, physical 8295764k(1410064k free), swap 10325396k(6300k free)

vm_info: OpenJDK 64-Bit Server VM (25.76-b03) for windows-amd64 JRE (1.8.0_76-release-b03), built on Jun 29 2016 19:09:20 by "ralucas" with MS VC++ 10.0 (VS2010)

time: Mon May 08 01:44:22 2017
elapsed time: 3072 seconds (0d 0h 51m 12s)

